Starting model=rnn epochs=10 batch=2 on host pax047
resume=<auto> run_dir=<auto>
CUDA_VISIBLE_DEVICES=0
Fri Apr 24 14:34:51 2026       
+-----------------------------------------------------------------------------------------+
| NVIDIA-SMI 575.57.08              Driver Version: 575.57.08      CUDA Version: 12.9     |
|-----------------------------------------+------------------------+----------------------+
| GPU  Name                 Persistence-M | Bus-Id          Disp.A | Volatile Uncorr. ECC |
| Fan  Temp   Perf          Pwr:Usage/Cap |           Memory-Usage | GPU-Util  Compute M. |
|                                         |                        |               MIG M. |
|=========================================+========================+======================|
|   0  NVIDIA H200 NVL                On  |   00000001:15:00.0 Off |                    0 |
| N/A   42C    P0             75W /  450W |       0MiB / 143771MiB |      0%      Default |
|                                         |                        |             Disabled |
+-----------------------------------------+------------------------+----------------------+
                                                                                         
+-----------------------------------------------------------------------------------------+
| Processes:                                                                              |
|  GPU   GI   CI              PID   Type   Process name                        GPU Memory |
|        ID   ID                                                               Usage      |
|=========================================================================================|
|  No running processes found                                                             |
+-----------------------------------------------------------------------------------------+
torch.cuda.is_available = True
torch.cuda.device_count = 1
torch.cuda.current_device = 0
torch.cuda.get_device_name(0) = NVIDIA H200 NVL
--- Starting Training on cuda ---
Populating dataset normalization statistics...
Stats loaded. Example Zone 0 (ME) - Mean: 1314.04, Std: 215.34
No existing checkpoint found in /cluster/home/supadh03/cs137/assignment3/evaluation/subhanga-additions/checkpoints/v2/rnn/runs/job-483063. Starting fresh.
